Enzyme	Concentration
TptsG_enzyme	7.838256868776566e-06
TfruA_enzyme	0.0
TfruLev_enzyme	0.0
TmalP_enzyme	0.0
TsacP_enzyme	0.0
TmanP_enzyme	0.0
TmtlA_enzyme	0.0
TtreP_enzyme	0.0
Tlic_enzyme	0.0
Tgmu_enzyme	0.0
TgamP_enzyme	0.0
TnagP_enzyme	0.0
TmurP_enzyme	0.0
TgutP_enzyme	0.0
TglpF_enzyme	0.0
TiolF_enzyme	0.0
Trbs_enzyme	0.0
TgntP_enzyme	0.0
TaraE_enzyme	0.0
TaraPQ_enzyme	0.0
Tpyr_enzyme	0.0
TdctP1_enzyme	0.0
TdctP2_enzyme	0.0
TcitM_enzyme	0.0
TcimH1_enzyme	0.0
Takg_enzyme	0.0
TmaeN_enzyme	0.0
TcimH2_enzyme	0.0
Tack_enzyme	4.812039973464522e-05
Tact_enzyme	0.0
TlctP_enzyme	0.0
Tform_enzyme	1.4092282247406831e-07
Tala_enzyme	0.0
Targ_enzyme	0.0
Targ2_enzyme	0.0
Tasn_enzyme	0.0
Tasp_enzyme	0.0
Tcys_enzyme	0.0
Tcys2_enzyme	0.0
TglnT_enzyme	0.0
Tgln2_enzyme	0.0
TgltT_enzyme	0.0
Tgly_enzyme	0.0
This_enzyme	0.0
Tile_enzyme	0.0
Tleu_enzyme	0.0
Tlys_enzyme	0.0
Tmet_enzyme	0.0
Tmet2_enzyme	0.0
Tphe_enzyme	0.0
Tpro_enzyme	0.0
Tser_enzyme	0.0
Tthr_enzyme	0.0
Ttrp_enzyme	0.0
Ttyr_enzyme	0.0
Tval_enzyme	0.0
Tade_enzyme	0.0
TpbuG_enzyme	0.0
TpbuO_enzyme	0.0
TpbuX_enzyme	0.0
TpyrP_enzyme	0.0
Tado_enzyme	0.0
Tguo_enzyme	0.0
Tino_enzyme	0.0
Tcto_enzyme	0.0
Tdado_enzyme	0.0
Turi_enzyme	0.0
Tcti_enzyme	0.0
Tthy_enzyme	0.0
Tdguo_enzyme	0.0
Turt_enzyme	0.0
Taloi_enzyme	0.0
Tthi_enzyme	0.0
Theme_enzyme	0.0
TribU_enzyme	0.0
Tfol_enzyme	0.0
Tpan_enzyme	0.0
Tnia_enzyme	0.0
TbioY_enzyme	0.0
Tnh3_enzyme	0
Tnh3b_enzyme	0.0
Tno3_enzyme	0.0
Tno2_enzyme	0.0
Tno2b_enzyme	0.0
To2_enzyme	0
Tqox_enzyme	6.377649548960744e-06
Tcyd_enzyme	0.0
Tcta_enzyme	3.958166872400337e-05
Tsul_enzyme	0.0
Tp_enzyme	1.30859128637641e-06
Tp2_enzyme	0.0
Tco2_enzyme	0
TmgtE_enzyme	2.687049266225003e-07
TfeuABC_enzyme	0.0
TefeNU_enzyme	0.0
Tyfm_enzyme	0.0
Tmnt_enzyme	0.0
TmntH_enzyme	0.0
Tcu2_enzyme	0.0
Tadc_enzyme	0.0
TchaA_enzyme	0.0
TcitH_enzyme	0.0
TykuT_enzyme	1.638417153626862e-06
Tmrp_enzyme	0.0
Th_enzyme	1.4454880403525122e-05
Th2o_enzyme	0
EnasBC_enzyme	0.0
EnasDE_enzyme	0.0
EptsH_enzyme	8.048881195395823e-06
EptsI_enzyme	6.410095249262184e-05
EfruB_enzyme	0.0
EmalA_enzyme	0.0
EsacA_enzyme	0.0
EmanA_enzyme	0.0
EmtlD_enzyme	0.0
EtreA_enzyme	0.0
ElicH1_enzyme	0.0
ElicH2_enzyme	0.0
EglcK_enzyme	0.0
EgutB_enzyme	0.0
EgmuE_enzyme	0.0
ErbsK_enzyme	0.0
EglpK_enzyme	0.0
EglpD_enzyme	0.0
EiolG_enzyme	0.0
EiolE_enzyme	0.0
EiolD_enzyme	0.0
EiolC_enzyme	0.0
EiolJ_enzyme	0.0
EiolA_enzyme	0.0
EgntK_enzyme	0.0
EaraA_enzyme	0.0
EaraB_enzyme	0.0
EaraD_enzyme	0.0
Epgi_enzyme	3.331682509521549e-05
Epfk_enzyme	6.545444680305907e-06
Efbp_enzyme	0.0
EglpX_enzyme	0.0
Efba_enzyme	0.00011853067238886309
Etpi_enzyme	3.2322532611261084e-05
EgapA_enzyme	0.00014922810849070205
EgapB_enzyme	0.0
Epgk_enzyme	9.329059659635066e-05
Epgm_enzyme	2.663878095148799e-05
Eeno_enzyme	9.551301291151667e-05
Epyk_enzyme	4.4486207598034006e-05
Epdh_enzyme	8.81963603543585e-05
Epta_enzyme	3.86008383819113e-05
EackA_enzyme	2.203728281614517e-05
EacsA_enzyme	0.0
EdhaS_enzyme	0.0
Eldh_enzyme	0.0
EalsS_enzyme	0.0
EalsD_enzyme	0.0
Eaco_enzyme	0.0
Ezwf_enzyme	2.20118105023393e-05
Egnd_enzyme	8.832654887213049e-05
EywlF_enzyme	2.6238694127368907e-06
Erpe_enzyme	8.724936991310163e-07
Etkt1_enzyme	6.739180945714712e-05
EywjH_enzyme	8.227390060824846e-05
Etkt2_enzyme	8.092721814585703e-05
Epyc_enzyme	3.11064213792149e-05
EcitZ_enzyme	2.154457826634407e-05
EcitB_enzyme	9.920056430195762e-06
EcitC_enzyme	7.289444051228786e-05
Eodh_enzyme	0.0
Esuc_enzyme	0.0
Esdh_enzyme	0.0
EcitG_enzyme	3.6248847595874573e-06
Emdh_enzyme	5.0054149878123434e-05
Epck_enzyme	0.0
EmalS_enzyme	0.0
EmaeA_enzyme	0.0
EmleA_enzyme	1.0426936486464284e-08
EytsJ_enzyme	0.0
Eprs_enzyme	1.0691568778921087e-05
EpurF_enzyme	1.0400769795196652e-05
EpurD_enzyme	2.5089074627661093e-05
EpurN_enzyme	1.3911132949522965e-06
EpurLQ_enzyme	2.475673208704988e-05
EpurM_enzyme	5.603585134601147e-06
EpurEK_enzyme	1.0254691639561628e-05
EpurC_enzyme	1.1580648160954263e-05
EpurB_enzyme	3.4075305498903886e-05
EpurH_enzyme	4.6522853678276506e-05
EpurA_enzyme	1.0721882987382389e-05
EpurB2_enzyme	1.9564674620620036e-05
Eadk_enzyme	1.581749320016847e-05
EguaA_enzyme	2.5985947542301955e-05
EguaB_enzyme	3.193196014850157e-05
EguaC_enzyme	0.0
Egdp_enzyme	2.267780580713704e-06
Egtp_enzyme	1.5304316940184873e-05
EpyrAB_enzyme	0.0
EpyrB_enzyme	7.689996948086544e-07
EpyrC_enzyme	1.177049668907304e-05
EpyrKD_enzyme	2.3036322015293487e-06
EpyrE_enzyme	3.300120762800285e-06
EpyrF_enzyme	1.2166635572546939e-05
EpyrH_enzyme	1.7317974535134215e-06
Ecmk2_enzyme	4.878568569566255e-06
Eutp_enzyme	1.6935731382297647e-05
EpyrG_enzyme	3.1443520405394507e-06
Ecdp_enzyme	1.4951296925726224e-05
Enrd1_enzyme	1.1794600259973873e-06
Enrd2_enzyme	7.563708193735046e-07
Enrd3_enzyme	5.133510911989668e-07
Enrd4_enzyme	0.0
Egmk2_enzyme	0.0
Eadk2_enzyme	0.0
Ecmk3_enzyme	0.0
Ecmk4_enzyme	4.984086556733547e-07
EthyB_enzyme	0.0
EcomEB_enzyme	1.6003720732672348e-07
Etmk_enzyme	0.0
Endk1_enzyme	1.566449095546929e-05
Endk2_enzyme	1.4929145149222833e-05
Endk3_enzyme	1.4997911363723304e-05
Endk4_enzyme	1.5664490391031904e-05
EycgT_enzyme	5.1274984317979606e-05
Endh_enzyme	9.856626838886046e-06
EyutJ_enzyme	0.0
Eqcr_enzyme	3.6352169299536954e-06
Enar_enzyme	0.0
Eatp_enzyme	8.434038827889349e-06
EppaC_enzyme	3.181305397967248e-05
EytiB_enzyme	9.826268918056333e-06
EkatA_enzyme	3.515330641866473e-05
EsodA_enzyme	0.00013317852424356261
EalaT_enzyme	1.1406192679045088e-06
EalaS_enzyme	7.50672766104139e-06
Ealr_enzyme	7.2673269209261315e-06
Eddl_enzyme	1.0992944135285758e-05
EargJ_enzyme	0.0
EargB_enzyme	1.761752716294616e-06
EargC_enzyme	5.1869383614227634e-06
EargD_enzyme	1.348172346825941e-05
EargJ2_enzyme	8.242593525646169e-06
EcarAB_enzyme	1.7720843378165978e-06
EargF_enzyme	1.3403097249432803e-05
EargG_enzyme	3.2279723813707566e-05
EargH_enzyme	1.5234254011724882e-05
EargS_enzyme	1.842478633722261e-05
EasnB_enzyme	3.6261423887996367e-06
EasnS_enzyme	1.0627534900221393e-05
EaspB_enzyme	8.789769538267594e-05
EaspS_enzyme	1.128311196270327e-05
Esat_enzyme	1.3510054119262099e-05
EcysC_enzyme	4.700866116804072e-06
EcysH_enzyme	2.2643670257720553e-06
Ecxx_enzyme	5.362473381380192e-06
EcysJI_enzyme	9.859226459420452e-06
Exxx_enzyme	0.0
EcysE_enzyme	7.479262547432755e-08
EcysK_enzyme	1.278450216671907e-05
EyrrT_enzyme	0.0
EmtnN_enzyme	1.0246339788810083e-08
EluxS_enzyme	1.0246339788810083e-08
EmccA_enzyme	0.0
EmccB_enzyme	1.1017011407951607e-06
EcysS_enzyme	5.177676192957668e-07
Egln_enzyme	5.209668095186755e-05
EglnS_enzyme	1.3007471291956962e-05
Eglt_enzyme	1.2915514528598468e-05
EgltX_enzyme	1.7224090806084812e-05
EracE_enzyme	8.839589026050226e-07
EglyA_enzyme	6.593961929066585e-05
EglyQS_enzyme	6.401471437746338e-06
EhisG_enzyme	7.537185182241592e-07
EhisI_enzyme	1.3574758015559699e-06
EhisA_enzyme	1.0829928846253569e-06
EhisHF_enzyme	8.988654941237634e-07
EhisB_enzyme	1.5410626820800326e-06
EhisC_enzyme	4.158074536464678e-06
EhisJ_enzyme	1.5410626820800326e-06
EhisD1_enzyme	7.455780227993317e-07
EhisD2_enzyme	7.455780227993317e-07
EhisS_enzyme	3.921493271737212e-06
EilvA_enzyme	0.0
EilvBH1_enzyme	3.4939662541866946e-06
EilvC1_enzyme	8.620864167019973e-05
EilvD1_enzyme	1.2590181782186209e-05
EilvE1_enzyme	3.199392259029809e-07
EileS_enzyme	2.0819876828466213e-05
EilvBH2_enzyme	4.964205717208373e-06
EilvC2_enzyme	0.00012050113645873541
EilvD2_enzyme	1.7598365927508557e-05
EleuA_enzyme	1.2602861675045083e-05
EleuCD_enzyme	8.059771494427886e-06
EleuB_enzyme	5.354561926184335e-05
EilvE3_enzyme	6.528611023410996e-07
EleuS_enzyme	2.203237914458007e-05
Ebkd1_enzyme	1.0563265832835277e-06
Ebkd2_enzyme	0.0
Ebkd3_enzyme	0.0
EdapG_enzyme	3.053793523567454e-06
Easd_enzyme	4.841573029958175e-05
Ehom_enzyme	1.5770895548855115e-05
EdapA_enzyme	6.1015196573769606e-06
EdapB_enzyme	3.485323821099321e-06
EdapH_enzyme	3.666532438549713e-05
EpatA_enzyme	2.360625924877063e-06
EdapL_enzyme	3.1210403685420665e-06
EdapF_enzyme	1.3322252649232133e-06
ElysA_enzyme	7.585743054266518e-06
ElysS_enzyme	2.2680887274232506e-05
EmetA_enzyme	2.2479385063183927e-06
EmetI_enzyme	7.784036254827633e-06
EmetC_enzyme	4.593465962029955e-06
EmetE_enzyme	7.87522882933489e-05
EmetK_enzyme	9.263161807120697e-06
EmetS_enzyme	9.879431068818322e-06
Efmt_enzyme	4.8206488805255496e-06
Edef_enzyme	2.2315293377618093e-07
EspeD_enzyme	8.759414809422924e-06
EspeE_enzyme	8.759414809422924e-06
EmtnN2_enzyme	8.759414809489385e-06
EmtnK_enzyme	8.759414809387374e-06
EmtnA_enzyme	8.759414809489385e-06
EmtnB_enzyme	8.759414809489385e-06
EmtnW_enzyme	8.759414809489385e-06
EmtnX_enzyme	8.759414809387374e-06
EmtnD_enzyme	8.759414809387374e-06
EmtnE_enzyme	8.759414809489385e-06
EspeA_enzyme	6.925869336390097e-06
EspeB_enzyme	5.211646623741848e-06
EaroA_enzyme	0.00014255201352672358
EaroB_enzyme	1.1654588217838735e-05
EaroC_enzyme	1.2991869005701973e-06
EaroD_enzyme	1.7769199850709967e-06
EaroK_enzyme	1.2800370757869617e-06
EaroE_enzyme	2.4278909974810693e-05
EaroF_enzyme	2.876246291829643e-05
EaroH_enzyme	6.1968782715752815e-06
EpheA_enzyme	3.368123188039751e-06
EhisC2_enzyme	1.0447336518407124e-05
EpheS_enzyme	1.2412132530031927e-05
EproB_enzyme	6.002488768244808e-07
EproA_enzyme	4.241865516046478e-06
EproI_enzyme	1.4314218349234047e-07
EproS_enzyme	6.428015414935712e-06
EserA_enzyme	2.027105363435805e-05
EserC_enzyme	4.505901273943747e-06
EserB_enzyme	1.6724735577173104e-05
EserS_enzyme	6.6219438421087206e-06
EthrB_enzyme	2.547646887915552e-06
EthrC_enzyme	4.8033275474139335e-05
EthrS_enzyme	7.1866846157888044e-06
EtrpEG_enzyme	5.85475557197616e-07
EtrpD_enzyme	1.2006639420456064e-07
EtrpF_enzyme	7.707637695359246e-07
EtrpC_enzyme	9.917249412433798e-08
EtrpA_enzyme	1.0370085349921648e-07
EtrpB_enzyme	3.190296529993667e-07
EtrpS_enzyme	6.901269730172648e-07
EtyrA_enzyme	1.0822341838108536e-06
EhisC3_enzyme	1.5457117409572663e-05
EtyrS_enzyme	1.2485365981136254e-05
EilvE2_enzyme	3.212234088228939e-07
EvalS_enzyme	8.74429093061641e-06
Eald_enzyme	0.0
EargI_enzyme	0.0
ErocD_enzyme	0.0
ErocA_enzyme	0.0
Eure_enzyme	3.1875297111757452e-06
EansA_enzyme	0.0
EansB_enzyme	0.0
EglsA_enzyme	0.0
ErocG_enzyme	0.0
EgcvT_enzyme	4.026833585716042e-05
EhutH_enzyme	0.0
EhutU_enzyme	0.0
EhutI_enzyme	0.0
EhutG_enzyme	0.0
EputB_enzyme	0.0
EputC_enzyme	0.0
Esda_enzyme	0.0
Etdh_enzyme	0.0
Ekbl_enzyme	0.0
Eapt_enzyme	9.159492888150672e-06
EhprT1_enzyme	0.0
EhprT2_enzyme	0.0
Expt_enzyme	0.0
EadeC_enzyme	0.0
EguaD_enzyme	0.0
EyfkN1_enzyme	0.0
EyfkN2_enzyme	0.0
EyfkN3_enzyme	0.0
EyfkN4_enzyme	0.0
EyfkN5_enzyme	0.0
Epuc_enzyme	0.0
Epuc2_enzyme	0.0
Edgk_enzyme	0.0
Edck1_enzyme	0.0
EdeoD1_enzyme	0.0
EdeoD2_enzyme	0.0
EpupG1_enzyme	0.0
EpupG2_enzyme	0.0
EpupG3_enzyme	0.0
EpupG4_enzyme	0.0
Edrm1_enzyme	0.0
Edrm2_enzyme	0.0
Edra_enzyme	0.0
Eupp_enzyme	0.0
Edck2_enzyme	0.0
Eudk1_enzyme	0.0
Eudk2_enzyme	0.0
Etdk1_enzyme	0.0
Etdk2_enzyme	0.0
Epdp1_enzyme	0.0
Epdp2_enzyme	0.0
Epdp3_enzyme	0.0
Epdp4_enzyme	0.0
Ecdd1_enzyme	0.0
Ecdd2_enzyme	0.0
EyfkN6_enzyme	0.0
EyfkN7_enzyme	0.0
EyfkN8_enzyme	0.0
EyfkN9_enzyme	0.0
EpucLM_enzyme	0.0
EpucH_enzyme	0.0
EpucF_enzyme	0.0
Espo_enzyme	0
EpucG_enzyme	0.0
EaldX_enzyme	0.0
EyoaN_enzyme	0.0
EmtrA_enzyme	0.0
EphoA_enzyme	0.0
EfolB_enzyme	0.0
EfolK_enzyme	0.0
EpabAB_enzyme	0.0
EpabC_enzyme	0.0
Esul1_enzyme	0.0
Esul2_enzyme	0.0
EfolC_enzyme	0.0
EfdhD_enzyme	0.0
EdfrA_enzyme	1.1501082462855179e-07
EdfrA2_enzyme	0.0
EfolD1_enzyme	0.0
EykkE_enzyme	0.0
EfolD2_enzyme	6.4587295580866705e-06
EfolD3_enzyme	6.4587295580866705e-06
EyitJ_enzyme	6.588719872580029e-06
EmenF_enzyme	0.0
EmenD_enzyme	0.0
EmenC_enzyme	0.0
EmenE_enzyme	0.0
EmenB_enzyme	0.0
EytxM_enzyme	0.0
EmenA_enzyme	0.0
EmenH_enzyme	0.0
Edxs_enzyme	0.0
Edxr_enzyme	0.0
EispD_enzyme	0.0
EispE_enzyme	0.0
EispF_enzyme	0.0
EispG_enzyme	0.0
EispH_enzyme	0.0
Efni_enzyme	0.0
EispA1_enzyme	0.0
EispA2_enzyme	0.0
EhepTS1_enzyme	0.0
EhepTS2_enzyme	0.0
EhepTS3_enzyme	0.0
EhepTS4_enzyme	0.0
EuppS_enzyme	0.0
EyubB_enzyme	0.0
EpanB_enzyme	0.0
EpanE_enzyme	0.0
EpanD_enzyme	0.0
EpanC_enzyme	0.0
EcoaX_enzyme	0.0
EcoaBC1_enzyme	0.0
EcoaBC2_enzyme	0.0
EcoaD_enzyme	0.0
EcoaE_enzyme	0.0
EnadB_enzyme	5.548040584638425e-07
EnadA_enzyme	5.548040584638425e-07
EnadC_enzyme	5.548040584638425e-07
EnadD_enzyme	5.548040584638425e-07
EnadE_enzyme	5.548040584638425e-07
EnadF_enzyme	0.0
EpncB_enzyme	0.0
Eplp_enzyme	0.0
EribAB1_enzyme	0.0
EribAB2_enzyme	0.0
EribD1_enzyme	0.0
EribD2_enzyme	0.0
EribX_enzyme	0.0
EribH_enzyme	0.0
EribE_enzyme	0.0
EribC1_enzyme	0.0
EribC2_enzyme	0.0
EhemA_enzyme	0.0
EhemL_enzyme	0.0
EhemB_enzyme	0.0
EhemC_enzyme	0.0
EhemD_enzyme	0.0
EhemE_enzyme	0.0
EhemZ_enzyme	0.0
EhemN_enzyme	0.0
EhemY_enzyme	0.0
EhemH_enzyme	0.0
EctaB_enzyme	0.0
EctaA_enzyme	0.0
EctaX1_enzyme	0.0
EctaX2_enzyme	0.0
Ecyt_enzyme	0.0
EsumT_enzyme	0.0
EnasF_enzyme	0.0
EsirB_enzyme	0.0
EsirC_enzyme	0.0
EthiS_enzyme	0.0
EthiF_enzyme	0.0
EsufS_enzyme	0.0
EthiG_enzyme	0.0
Ethi1_enzyme	0
Ethi2_enzyme	0
Ethi3_enzyme	0
Ethi4_enzyme	0
EthiO_enzyme	0.0
Ethi5_enzyme	0
EthiC_enzyme	0.0
EthiD1_enzyme	0.0
EthiD2_enzyme	0.0
EthiE_enzyme	0.0
EthiL_enzyme	0.0
EthiN_enzyme	0.0
EbioI_enzyme	0.0
EbioW_enzyme	0.0
EbioF_enzyme	0.0
EbioA_enzyme	0.0
EbioD_enzyme	0.0
EbioB_enzyme	0.0
EdhbC_enzyme	0.0
EdhbB_enzyme	0.0
EdhbA_enzyme	0.0
EdhbEBF_enzyme	0.0
EbesA_enzyme	0.0
EsidX_enzyme	0.0
EefeM_enzyme	0.0
EpgcA_enzyme	1.5037048435127764e-05
EgtaB_enzyme	3.2608314250773194e-05
EglmS_enzyme	2.850296652263254e-06
EnagA_enzyme	0.0
EmurQ_enzyme	0.0
EnagB_enzyme	0.0
EglmM_enzyme	1.1325614200905118e-05
EgcaD1_enzyme	3.3247474794354894e-06
EgcaD2_enzyme	3.3247474794354894e-06
EmurA_enzyme	3.12973653985071e-06
EmurB_enzyme	1.2744052641322779e-05
EmurC_enzyme	7.0970854477438114e-06
EmurD_enzyme	1.9679872862820563e-06
EmurE_enzyme	2.489803116623344e-06
EmurF_enzyme	4.582613768978604e-06
EmraY_enzyme	3.231891534018529e-06
EmurG_enzyme	6.864784239735014e-07
ErodA_enzyme	0
EgpsA1_enzyme	0.0
EgpsA2_enzyme	1.9252236950054092e-05
EtagD_enzyme	5.336499118429595e-06
EmnaA_enzyme	5.117678649330105e-07
EtagO_enzyme	3.6487830788305395e-07
EtagA_enzyme	5.932046278953202e-07
EtagB_enzyme	3.6487830788305395e-07
EtagF_enzyme	1.4859214010180387e-06
EtagE_enzyme	5.649731243326443e-07
Edlt_enzyme	4.2651183509251835e-06
EtagGH_enzyme	5.184871993658209e-07
Eacc_enzyme	3.7759105879910423e-07
Es14_enzyme	0.0
Es16_enzyme	0.0
Es18_enzyme	0.0
Ee14_enzyme	0.0
Ee16_enzyme	0.0
Eo15_enzyme	0.0
Eo17_enzyme	0.0
Ea15_enzyme	0.0
Ea17_enzyme	0.0
Ebcfa_enzyme	0
EacpA_enzyme	0.0
EacpS_enzyme	0.0
EplsX_enzyme	0.0
EplsY_enzyme	0.0
EplsC_enzyme	0.0
EcdsA_enzyme	0.0
EpssA_enzyme	0.0
Epsd_enzyme	0.0
EpgsA_enzyme	0.0
EpX_enzyme	0.0
EclsA_enzyme	0.0
Elpg_enzyme	0.0
Edg0_enzyme	0.0
EdagK_enzyme	0.0
EugtP1_enzyme	0.0
EugtP2_enzyme	0.0
EugtP3_enzyme	0.0
Eatpm_enzyme	0
R_maintenance_atp_enzyme	0
