Reaction	Flux
TptsG	9.681890670096031
TfruA	0.0
TfruLev	0.0
TmalP	0.0
TsacP	0.0
TmanP	0.0
TmtlA	0.0
TtreP	0.0
Tlic	0.0
Tgmu	0.0
TgamP	0.0
TnagP	0.0
TmurP	0.0
TgutP	0.0
TglpF	0.0
TiolF	0.0
Trbs	0.0
TgntP	0.0
TaraE	0.0
TaraPQ	0.0
Tpyr	0.0
TdctP1	0.0
TdctP2	0.0
TcitM	0.0
TcimH1	0.0
Takg	0.0
TmaeN	0.0
TcimH2	0.0
Tack	-8.188346154553642
Tact	0.0
TlctP	0.0
Tform	-0.017742082561482565
Tala	0.0
Targ	0.0
Targ2	0.0
Tasn	0.0
Tasp	0.0
Tcys	0.0
Tcys2	0.0
TglnT	0.0
Tgln2	0.0
TgltT	0.0
Tgly	0.0
This	0.0
Tile	0.0
Tleu	0.0
Tlys	0.0
Tmet	0.0
Tmet2	0.0
Tphe	0.0
Tpro	0.0
Tser	0.0
Tthr	0.0
Ttrp	0.0
Ttyr	0.0
Tval	0.0
Tade	0.0
TpbuG	0.0
TpbuO	0.0
TpbuX	0.0
TpyrP	0.0
Tado	0.0
Tguo	0.0
Tino	0.0
Tcto	0.0
Tdado	0.0
Turi	0.0
Tcti	0.0
Tthy	0.0
Tdguo	0.0
Turt	0.0
Taloi	0.0
Tthi	0.0
Theme	0.0
TribU	0.0
Tfol	0.0
Tpan	0.0
Tnia	0.0
TbioY	0.0
Tnh3	6.999622584746362
Tnh3b	0.0
Tno3	0.0
Tno2	0.0
Tno2b	0.0
To2	13.667040722897468
Tqox	17.977073471482502
Tcyd	0.0
Tcta	11.157128679443664
Tsul	0.12089911005375598
Tp	0.4842957637285963
Tp2	0.0
Tco2	-13.899728983786956
TmgtE	0.0009122980349178577
TfeuABC	0.0
TefeNU	0.00017871821444259695
Tyfm	0.0
Tmnt	0.0
TmntH	0.0001636877418604854
Tcu2	2.534251132146892e-05
Tadc	0.0003910099866589059
TchaA	0.0
TcitH	0.0
TykuT	0.4522696409391074
Tmrp	0.0
Th	36.61081042055365
Th2o	-32.88397168163777
EnasBC	0.0
EnasDE	0.0
EptsH	9.681890670095981
EptsI	9.681890670095981
EfruB	0.0
EmalA	0.0
EsacA	0.0
EmanA	0.0
EmtlD	0.0
EtreA	0.0
ElicH1	0.0
ElicH2	0.0
EglcK	0.0
EgutB	0.0
EgmuE	0.0
ErbsK	0.0
EglpK	2.9720812988281246e-06
EglpD	0.0
EiolG	0.0
EiolE	0.0
EiolD	0.0
EiolC	0.0
EiolJ	0.0
EiolA	0.0
EgntK	0.0
EaraA	0.0
EaraB	0.0
EaraD	0.0
Epgi	5.023211712762304
Epfk	7.351562097198212
Efbp	0.0
EglpX	0.0
Efba	7.351562097198212
Etpi	6.9558547640237975
EgapA	15.429183485667068
EgapB	0.0
Epgk	15.429183485667068
Epgm	14.511116422318537
Eeno	14.511116422318537
Epyk	4.189367749313291
Epdh	9.467737199703853
Epta	7.388991964908591
EackA	7.388991964908591
EacsA	0.0
EdhaS	0.0
Eldh	0.0
EalsS	0.0
EalsD	0.0
Eaco	0.0
Ezwf	4.358267081954636
Egnd	4.358267081954636
EywlF	1.8850580061033497
Erpe	2.47269032584245
Etkt1	1.3800118761729436
EywjH	1.3800118761729436
Etkt2	1.0926784496695063
Epyc	2.223348613938849
EcitZ	0.8063943618266497
EcitB	0.8063943618266194
EcitC	0.8063943618266497
Eodh	0.0
Esuc	0.0
Esdh	0.0
EcitG	0.586899587762332
Emdh	0.557357248533549
Epck	0.0
EmalS	0.0
EmaeA	0.0
EmleA	0.02954233922878355
EytsJ	0.0
Eprs	0.5050461299304471
EpurF	0.21498289135119789
EpurD	0.21498289135119789
EpurN	0.21498289135115556
EpurLQ	0.21498289135119789
EpurM	0.21498289135119789
EpurEK	0.2147682237365413
EpurC	0.2147682237365413
EpurB	0.2147682237365413
EpurH	0.29224445690812056
EpurA	0.1871224898632923
EpurB2	0.1871224898632923
Eadk	5.009243848132026
EguaA	0.10512196704482825
EguaB	0.10512196704482825
EguaC	0.0
Egdp	0.139529153650297
Egtp	7.570308520631556
EpyrAB	0.0
EpyrB	0.1659572599984358
EpyrC	0.1659572599984358
EpyrKD	0.1659572599984358
EpyrE	0.1659572599984358
EpyrF	0.1659572599984358
EpyrH	0.2833959107016426
Ecmk2	0.03628678179961753
Eutp	0.655977756783841
EpyrG	0.10291104514812184
Ecdp	0.3940385702945832
Enrd1	0.025891277911341604
Enrd2	0.014560291589305052
Enrd3	0.011217314776558851
Enrd4	0.0
Egmk2	0.0
Eadk2	0.0
Ecmk3	0.0
Ecmk4	-0.014622294250443701
EthyB	0.014622294250443701
EcomEB	0.014622294250443701
Etmk	0.014622294250443701
Endk1	0.014560291589305052
Endk2	0.011217314776558851
Endk3	0.011268983660897902
Endk4	0.014622294250443701
EycgT	0.17392478782657425
Endh	26.9491369896067
EyutJ	0.0
Eqcr	10.320344028485389
Enar	0.0
Eatp	22.0886056891418
EppaC	6.221129997563767
EytiB	-2.230892171345772
EkatA	0.5519155936397216
EsodA	0.3641775268865771
EalaT	0.5690090716896937
EalaS	0.303842165429813
Ealr	0.0697882080078216
Eddl	0.06519114990234376
EargJ	0.0
EargB	0.1850088741624817
EargC	0.1850088741624817
EargD	0.1850088741624817
EargJ2	0.18500887416246314
EcarAB	0.35096613416089895
EargF	0.18500887416246314
EargG	0.1850088741624817
EargH	0.18500887416246314
EargS	0.1586942379319866
EasnB	0.14337314970403575
EasnS	0.14337314970403575
EaspB	1.9743115006457312
EaspS	0.18817962171297833
Esat	0.12089911005380566
EcysC	0.12089911005380566
EcysH	0.12089911005380566
Ecxx	0.12089911005380566
EcysJI	0.12087919389412133
Exxx	1.9916159658350807e-05
EcysE	0.12087919389412133
EcysK	0.12087919389412133
EyrrT	0.0
EmtnN	0.00020470254950675365
EluxS	0.00020470254950675365
EmccA	0.0
EmccB	0.25216532009087195
EcysS	0.023427556925369714
Egln	7.373910889713216
EglnS	0.1276280517949549
Eglt	5.963724577435406
EgltX	0.41996380357610563
EracE	0.0651911499023754
EglyA	0.5608653233250074
EglyQS	0.27446014257636575
EhisG	0.07747623317157924
EhisI	0.07747623317157924
EhisA	0.07747623317157924
EhisHF	0.07747623317157924
EhisB	0.07747623317157924
EhisC	0.07747623317157924
EhisJ	0.07747623317157924
EhisD1	0.07747623317157924
EhisD2	0.07747623317157924
EhisS	0.07747623317157924
EilvA	0.0
EilvBH1	0.25216532009087195
EilvC1	0.25216532009087195
EilvD1	0.25216532009087195
EilvE1	0.2514834317042181
EileS	0.2514834317042181
EilvBH2	0.5930255325353999
EilvC2	0.5930255325353999
EilvD2	0.5930255325353999
EleuA	0.32089792170595666
EleuCD	0.32089792170595666
EleuB	0.32089792170595666
EilvE3	0.32053558493579354
EleuS	0.32053558493579354
Ebkd1	0.0006818883866538489
Ebkd2	7.754809103122204e-05
Ebkd3	0.00036233677016312365
EdapG	0.8786258648262655
Easd	0.8786258648262655
Ehom	0.5493610808835167
EdapA	0.32926478394274883
EdapB	0.32926478394274883
EdapH	0.32926478394274883
EpatA	0.32926478394274883
EdapL	0.32926478394279
EdapF	0.32926478394279
ElysA	0.2640736340404146
ElysS	0.26407363404037343
EmetA	0.349210211808213
EmetI	0.349210211808213
EmetC	0.0970448917173207
EmetE	0.09724959426682744
EmetK	0.004746262551997226
EmetS	0.109550502734578
Efmt	0.012525527177006363
Edef	0.012525527176849183
EspeD	0.0044818115234374995
EspeE	0.0044818115234374995
EmtnN2	0.00448181152341931
EmtnK	0.00448181152341931
EmtnA	0.00448181152341931
EmtnB	0.00448181152341931
EmtnW	0.00448181152341931
EmtnX	0.00448181152341931
EmtnD	0.00448181152341931
EmtnE	0.00448181152341931
EspeA	0.02631463623046875
EspeB	0.02631463623046875
EaroA	0.2873334265033943
EaroB	0.2873334265033943
EaroC	0.2873334265033943
EaroD	0.2873334265033943
EaroK	0.2873334265033943
EaroE	0.2873334265033943
EaroF	0.2873334265033943
EaroH	0.2560259530192752
EpheA	0.14361030594147906
EhisC2	0.14361030594147906
EpheS	0.14361030594147906
EproB	0.1355826965870074
EproA	0.1355826965870074
EproI	0.1355826965870074
EproS	0.1355826965870074
EserA	0.9180670633485805
EserC	0.9180670633485805
EserB	0.9180670633485805
EserS	0.20510502260547658
EthrB	0.2001508690753037
EthrC	0.2001508690753037
EthrS	0.20015086907530366
EtrpEG	0.03085929233117385
EtrpD	0.03085929233117385
EtrpF	0.03085929233117385
EtrpC	0.03085929233117385
EtrpA	0.03085929233117385
EtrpB	0.03085929233117385
EtrpS	0.03085929233117385
EtyrA	0.11241564707778294
EhisC3	0.11241564707778294
EtyrS	0.11241564707778294
EilvE2	0.27185798510165915
EvalS	0.27185798510165915
Eald	0.0
EargI	0.0
ErocD	0.0
ErocA	0.0
Eure	0.02631463623046875
EansA	0.0
EansB	0.0
EglsA	0.0
ErocG	0.0
EgcvT	0.07120762178278718
EhutH	0.0
EhutU	0.0
EhutI	0.0
EhutG	0.0
EputB	0.0
EputC	0.0
Esda	0.0
Etdh	0.0
Ekbl	0.0
Eapt	0.004686514072926064
EhprT1	0.0
EhprT2	0.0
Expt	0.0
EadeC	0.0
EguaD	0.0
EyfkN1	0.0
EyfkN2	0.0
EyfkN3	0.0
EyfkN4	0.0
EyfkN5	0.0
Epuc	0.0
Epuc2	0.0
Edgk	0.0
Edck1	0.0
EdeoD1	0.0
EdeoD2	0.0
EpupG1	0.0
EpupG2	0.0
EpupG3	0.0
EpupG4	0.0
Edrm1	0.0
Edrm2	0.0
Edra	0.0
Eupp	0.0
Edck2	0.0
Eudk1	0.0
Eudk2	0.0
Etdk1	0.0
Etdk2	0.0
Epdp1	0.0
Epdp2	0.0
Epdp3	0.0
Epdp4	0.0
Ecdd1	0.0
Ecdd2	0.0
EyfkN6	0.0
EyfkN7	0.0
EyfkN8	0.0
EyfkN9	0.0
EpucLM	0.0
EpucH	0.0
EpucF	0.0
Espo	0.0
EpucG	0.0
EaldX	0.0
EyoaN	0.0
EmtrA	0.0002561035162216285
EphoA	0.0002561035162216285
EfolB	0.0002561035162216285
EfolK	0.0
EpabAB	0.0002561035162216285
EpabC	0.0002561035162216285
Esul1	0.0002561035162216285
Esul2	0.0
EfolC	0.0002561035162216285
EfdhD	0.0
EdfrA	0.01487839776666533
EdfrA2	0.0
EfolD1	0.0
EykkE	0.0
EfolD2	0.520008978951978
EfolD3	0.520008978951978
EyitJ	0.09724959426682744
EmenF	0.00019207763671147404
EmenD	0.00019207763671875034
EmenC	0.00019207763671875034
EmenE	0.00019207763671875034
EmenB	0.00019207763671147404
EytxM	0.00019207763671147404
EmenA	0.00019207763671875034
EmenH	0.00019207763671875034
Edxs	0.001571461110219663
Edxr	0.0013567934955744931
EispD	0.0013567934955631003
EispE	0.0013567934955631003
EispF	0.0013567934955744931
EispG	0.0013567934955631003
EispH	0.0013567934955744931
Efni	0.00019616098290953232
EispA1	0.00019616098289603295
EispA2	0.00019616098289603295
EhepTS1	0.00019207763671875034
EhepTS2	0.00019207763671875034
EhepTS3	0.00019207763671875034
EhepTS4	0.00019207763671875034
EuppS	0.0
EyubB	0.0
EpanB	0.00019207763671147404
EpanE	0.00019207763671147404
EpanD	0.00019207763671147404
EpanC	0.00019207763671147404
EcoaX	0.00019207763671147404
EcoaBC1	0.00019207763671147404
EcoaBC2	0.00019207763671147404
EcoaD	0.00019207763671147404
EcoaE	0.00019207763671147404
EnadB	0.011083939005055339
EnadA	0.011083939005055339
EnadC	0.011083939005055339
EnadD	0.011083939005055339
EnadE	0.011083939005055339
EnadF	0.0007042846703484429
EpncB	0.0
Eplp	0.0001996564449401027
EribAB1	0.00015954678166414776
EribAB2	0.0003190935633282955
EribD1	0.00015954678166414776
EribD2	0.00015954678166414776
EribX	0.00015954678166414776
EribH	0.0003190935633282955
EribE	0.00015954678166414776
EribC1	0.00015954678166414776
EribC2	0.0001250747131356257
EhemA	0.0009086840720676396
EhemL	0.0009086840721010958
EhemB	0.0004543420360505479
EhemC	0.00011358550901263698
EhemD	0.00011358550898421527
EhemE	0.00010727305261445346
EhemZ	0.00010727305261445346
EhemN	0.0
EhemY	0.00010727305261445346
EhemH	0.00010727305261445346
EctaB	4.083346177282605e-06
EctaA	4.083346177282605e-06
EctaX1	0.0
EctaX2	0.0
Ecyt	0.0
EsumT	6.312456394001498e-06
EnasF	0.0
EsirB	6.312456434898195e-06
EsirC	6.312456434898195e-06
EthiS	0.0
EthiF	0.00021466761465657735
EsufS	0.00021466761465657735
EthiG	0.00021466761465657735
Ethi1	0.00021466761465657735
Ethi2	0.00021466761465657735
Ethi3	0.00021466761465657735
Ethi4	0.00021466761465657735
EthiO	0.00021466761465657735
Ethi5	0.00021466761465657735
EthiC	0.00021466761465657735
EthiD1	0.00021466761465657735
EthiD2	0.00021466761465657735
EthiE	0.00021466761465657735
EthiL	0.00021466761465657735
EthiN	0.0
EbioI	1.9916159684323954e-05
EbioW	1.9916159684323954e-05
EbioF	1.9916159684323954e-05
EbioA	1.9916159684323954e-05
EbioD	1.9916159684323954e-05
EbioB	1.9916159684323954e-05
EdhbC	0.0
EdhbB	0.0
EdhbA	0.0
EdhbEBF	0.0
EbesA	0.0
EsidX	0.0
EefeM	0.0001787182144366837
EpgcA	0.3004118753790283
EgtaB	0.3004118753790283
EglmS	0.14433994140625184
EnagA	0.0
EmurQ	0.0
EnagB	0.0
EglmM	0.14433994140625184
EgcaD1	0.14433994140625184
EgcaD2	0.14433994140625184
EmurA	0.06519114990234376
EmurB	0.06519114990234376
EmurC	0.06519114990234376
EmurD	0.06519114990234376
EmurE	0.06519114990234376
EmurF	0.06519114990234376
EmraY	0.06519114990234376
EmurG	0.06519114990234376
ErodA	0.06519114990234376
EgpsA1	0.0
EgpsA2	0.38462339416931146
EtagD	0.38383514404296876
EmnaA	0.0069788208007821595
EtagO	0.00697882080078125
EtagA	0.00697882080078125
EtagB	0.00697882080078125
EtagF	0.00697882080078125
EtagE	0.00697882080078125
Edlt	0.00697882080078125
EtagGH	0.00697882080078125
Eacc	0.0075435574068647366
Es14	3.075182920203632e-05
Es16	0.00013504064127850736
Es18	4.947033393371061e-05
Ee14	1.4707396574886938e-05
Ee16	6.28406944563351e-05
Eo15	0.0002593849941389151
Eo17	0.00010295177602420857
Ea15	0.00043854782514208326
Ea17	0.0002433405615117657
Ebcfa	0.001337036052262449
EacpA	1.991615968432417e-05
EacpS	1.991615968432417e-05
EplsX	0.0006585599462890625
EplsY	0.0006585599462890625
EplsC	0.0006585599462890625
EcdsA	0.0004908934564208984
EpssA	0.0003582311950683594
Epsd	0.0003582311950683594
EpgsA	0.00013266226135253906
EpX	0.00013266226135253906
EclsA	2.9720812988281246e-06
Elpg	1.4122188110351561e-05
Edg0	0.00016766648986816406
EdagK	0.0
EugtP1	0.00016766648986816406
EugtP2	0.00011276429870605469
EugtP3	4.2150156860351566e-05
Eatpm	0.0
R_maintenance_atp	9.0
